("main", -1, 0)
("{", -1, 0)
("int", -1, 1)
("identifier", 97, 1)
("=", -1, 1)
("readInt", -1, 1)
("(", -1, 1)
(")", -1, 1)
(";", -1, 1)
("boolean", -1, 3)
("identifier", 241, 3)
("=", -1, 3)
("identifier", 148, 3)
(";", -1, 3)
("if", -1, 5)
("(", -1, 5)
("identifier", 97, 5)
("<=", -1, 5)
("constant", 49, 5)
("constant", 223, 5)
("identifier", 241, 5)
("=", -1, 5)
("identifier", 223, 5)
(";", -1, 5)
("}", -1, 6)
("else", -1, 7)
("if", -1, 7)
("(", -1, 7)
("identifier", 97, 7)
("==", -1, 7)
("constant", 50, 7)
("constant", 223, 7)
("identifier", 241, 7)
("=", -1, 7)
("identifier", 148, 7)
(";", -1, 7)
("}", -1, 8)
("else", -1, 9)
("{", -1, 9)
("for", -1, 10)
("(", -1, 10)
("int", -1, 10)
("identifier", 105, 10)
("=", -1, 10)
("constant", 51, 10)
("constant", 223, 10)
(",", -1, 10)
("constant", 50, 10)
("constant", 223, 10)
("if", -1, 10)
("(", -1, 10)
("identifier", 97, 10)
("%", -1, 10)
("identifier", 105, 10)
("==", -1, 10)
("constant", 48, 10)
("constant", 223, 10)
("identifier", 241, 10)
("=", -1, 10)
("identifier", 223, 10)
(";", -1, 10)
("}", -1, 11)
("}", -1, 12)
("}", -1, 13)
("print", -1, 15)
("(", -1, 15)
("constant", 282, 15)
(")", -1, 15)
(";", -1, 15)
("print", -1, 16)
("(", -1, 16)
("identifier", 241, 16)
(")", -1, 16)
(";", -1, 16)
("}", -1, 17)
